<?xml version="1.0" encoding="UTF-8"?>
<!-- Generated by org.testng.reporters.JUnitReportReporter -->
<testsuite hostname="Pratik" failures="0" tests="2" name="TestngConcepts.Demo1" time="0.014" errors="0" timestamp="2024-08-23T12:09:50 IST" skipped="0">
  <testcase classname="TestngConcepts.Demo1" name="method2" time="0.001"/>
  <system-out/>
  <testcase classname="TestngConcepts.Demo1" name="method1" time="0.013"/>
  <system-out/>
</testsuite> <!-- TestngConcepts.Demo1 -->
