<?xml version="1.0" encoding="UTF-8"?>
<!-- Generated by org.testng.reporters.JUnitReportReporter -->
<testsuite hostname="Pratik" failures="0" tests="2" name="Testcases.VerifyLogin" time="8.720" errors="0" timestamp="2024-09-03T11:46:36 IST" skipped="0">
  <testcase classname="Testcases.VerifyLogin" name="verifyLoginWithValidData" time="4.698"/>
  <system-out/>
  <testcase classname="Testcases.VerifyLogin" name="verifyLoginWithInValidData" time="4.022"/>
  <system-out/>
</testsuite> <!-- Testcases.VerifyLogin -->
