<?xml version="1.0" encoding="UTF-8"?>
<!-- Generated by org.testng.reporters.JUnitReportReporter -->
<testsuite hostname="Pratik" failures="0" tests="2" name="Testcases.VerifyRegistation" time="11.388" errors="0" timestamp="2024-09-03T11:46:36 IST" skipped="0">
  <testcase classname="Testcases.VerifyRegistation" name="verifyRegisterationWithValidData" time="7.322"/>
  <system-out/>
  <testcase classname="Testcases.VerifyRegistation" name="VerifyregistationBlankdata" time="4.066"/>
  <system-out/>
</testsuite> <!-- Testcases.VerifyRegistation -->
