<?xml version="1.0" encoding="UTF-8"?>
<!-- Generated by org.testng.reporters.JUnitReportReporter -->
<testsuite hostname="Pratik" failures="0" tests="1" name="TestngConcepts.Groupsdemo" time="0.016" errors="0" timestamp="2024-08-23T16:46:51 IST" skipped="0">
  <testcase classname="TestngConcepts.Groupsdemo" name="method1" time="0.016"/>
  <system-out/>
</testsuite> <!-- TestngConcepts.Groupsdemo -->
