<?xml version="1.0" encoding="UTF-8"?>
<!-- Generated by org.testng.reporters.JUnitReportReporter -->
<testsuite hostname="Pratik" failures="0" tests="11" name="TestngConcepts.DifferentAnnotations" time="0.040" errors="0" timestamp="2024-08-23T17:39:28 IST" skipped="1">
  <testcase classname="TestngConcepts.DifferentAnnotations" name="method2" time="0.006"/>
  <system-out/>
  <testcase classname="TestngConcepts.DifferentAnnotations" name="method2" time="0.001"/>
  <system-out/>
  <testcase classname="TestngConcepts.DifferentAnnotations" name="method2" time="0.003"/>
  <system-out/>
  <testcase classname="TestngConcepts.DifferentAnnotations" name="method2" time="0.001"/>
  <system-out/>
  <testcase classname="TestngConcepts.DifferentAnnotations" name="method2" time="0.001"/>
  <system-out/>
  <testcase classname="TestngConcepts.DifferentAnnotations" name="method2" time="0.018"/>
  <system-out/>
  <testcase classname="TestngConcepts.DifferentAnnotations" name="method2" time="0.001"/>
  <system-out/>
  <testcase classname="TestngConcepts.DifferentAnnotations" name="method2" time="0.005"/>
  <system-out/>
  <testcase classname="TestngConcepts.DifferentAnnotations" name="method2" time="0.001"/>
  <system-out/>
  <testcase classname="TestngConcepts.DifferentAnnotations" name="method2" time="0.003"/>
  <system-out/>
  <testcase classname="TestngConcepts.DifferentAnnotations" name="method1">
    <skipped/>
  </testcase> <!-- method1 -->
  <system-out/>
</testsuite> <!-- TestngConcepts.DifferentAnnotations -->
