<?xml version="1.0" encoding="UTF-8"?>
<!-- Generated by org.testng.reporters.JUnitReportReporter -->
<testsuite hostname="Pratik" failures="0" tests="3" name="TestngConcepts.DataProviderDemo" time="9.281" errors="0" timestamp="2024-08-24T12:08:47 IST" skipped="0">
  <testcase classname="TestngConcepts.DataProviderDemo" name="login" time="2.724"/>
  <system-out/>
  <testcase classname="TestngConcepts.DataProviderDemo" name="login" time="2.614"/>
  <system-out/>
  <testcase classname="TestngConcepts.DataProviderDemo" name="login" time="3.943"/>
  <system-out/>
</testsuite> <!-- TestngConcepts.DataProviderDemo -->
